2020-07-16T12:24:11+00:00 CRITICAL Uncaught Error: Call to undefined function charitize_the_custom_logo() in C:\xampp\htdocs\wordpress\wp-content\themes\bpscrowdfunding2\header.php:66
Stack trace:
#0 C:\xampp\htdocs\wordpress\wp-includes\template.php(723): require_once()
#1 C:\xampp\htdocs\wordpress\wp-includes\template.php(672): load_template('C:\\xampp\\htdocs...', true)
#2 C:\xampp\htdocs\wordpress\wp-includes\general-template.php(41): locate_template(Array, true)
#3 C:\xampp\htdocs\wordpress\wp-content\themes\bpscrowdfunding2\index.php(2): get_header()
#4 C:\xampp\htdocs\wordpress\wp-includes\template-loader.php(106): include('C:\\xampp\\htdocs...')
#5 C:\xampp\htdocs\wordpress\wp-blog-header.php(19): require_once('C:\\xampp\\htdocs...')
#6 C:\xampp\htdocs\wordpress\index.php(17): require('C:\\xampp\\htdocs...')
#7 {main}
  thrown in C:\xampp\htdocs\wordpress\wp-content\themes\bpscrowdfunding2\header.php on line 66

2020-07-16T23:11:03+00:00 CRITICAL Uncaught Error: Call to undefined function charitize_file_directory() in C:\xampp\htdocs\wordpress\wp-content\themes\bpscrowdfunding\functions.php:28
Stack trace:
#0 C:\xampp\htdocs\wordpress\wp-settings.php(508): include()
#1 C:\xampp\htdocs\wordpress\wp-config.php(90): require_once('C:\\xampp\\htdocs...')
#2 C:\xampp\htdocs\wordpress\wp-load.php(37): require_once('C:\\xampp\\htdocs...')
#3 C:\xampp\htdocs\wordpress\wp-admin\admin.php(34): require_once('C:\\xampp\\htdocs...')
#4 C:\xampp\htdocs\wordpress\wp-admin\customize.php(13): require_once('C:\\xampp\\htdocs...')
#5 {main}
  thrown in C:\xampp\htdocs\wordpress\wp-content\themes\bpscrowdfunding\functions.php on line 28

2020-07-16T23:12:53+00:00 CRITICAL require(): Failed opening required '' (include_path='C:\xampp\php\PEAR') in C:\xampp\htdocs\wordpress\wp-content\themes\bpscrowdfunding\functions.php on line 29

2020-07-16T23:20:49+00:00 CRITICAL Cannot declare class charitize_Customize, because the name is already in use in C:\xampp\htdocs\wordpress\wp-content\themes\bpscrowdfunding\trt-customize-pro\charitize\class-customize.php on line 8

