2020-10-23T14:02:52+00:00 CRITICAL Uncaught Error: Call to undefined function wpcf_function() in C:\xampp\htdocs\wordpress\wp-content\themes\bpscrowdfunding\inc\hooks\home-activity-section.php:192
Stack trace:
#0 C:\xampp\htdocs\wordpress\wp-includes\class-wp-hook.php(287): charitize_activities_slider('')
#1 C:\xampp\htdocs\wordpress\wp-includes\class-wp-hook.php(311): WP_Hook->apply_filters(NULL, Array)
#2 C:\xampp\htdocs\wordpress\wp-includes\plugin.php(478): WP_Hook->do_action(Array)
#3 C:\xampp\htdocs\wordpress\wp-content\themes\charitize\front-page.php(25): do_action('charitize_actio...')
#4 C:\xampp\htdocs\wordpress\wp-includes\template-loader.php(106): include('C:\\xampp\\htdocs...')
#5 C:\xampp\htdocs\wordpress\wp-blog-header.php(19): require_once('C:\\xampp\\htdocs...')
#6 C:\xampp\htdocs\wordpress\index.php(17): require('C:\\xampp\\htdocs...')
#7 {main}
  thrown in C:\xampp\htdocs\wordpress\wp-content\themes\bpscrowdfunding\inc\hooks\home-activity-section.php on line 192

2020-10-23T14:03:05+00:00 CRITICAL Uncaught Error: Call to undefined function wpcf_function() in C:\xampp\htdocs\wordpress\wp-content\themes\bpscrowdfunding\inc\hooks\home-activity-section.php:192
Stack trace:
#0 C:\xampp\htdocs\wordpress\wp-includes\class-wp-hook.php(287): charitize_activities_slider('')
#1 C:\xampp\htdocs\wordpress\wp-includes\class-wp-hook.php(311): WP_Hook->apply_filters(NULL, Array)
#2 C:\xampp\htdocs\wordpress\wp-includes\plugin.php(478): WP_Hook->do_action(Array)
#3 C:\xampp\htdocs\wordpress\wp-content\themes\charitize\front-page.php(25): do_action('charitize_actio...')
#4 C:\xampp\htdocs\wordpress\wp-includes\template-loader.php(106): include('C:\\xampp\\htdocs...')
#5 C:\xampp\htdocs\wordpress\wp-blog-header.php(19): require_once('C:\\xampp\\htdocs...')
#6 C:\xampp\htdocs\wordpress\index.php(17): require('C:\\xampp\\htdocs...')
#7 {main}
  thrown in C:\xampp\htdocs\wordpress\wp-content\themes\bpscrowdfunding\inc\hooks\home-activity-section.php on line 192

2020-10-23T14:03:10+00:00 CRITICAL Uncaught Error: Call to undefined function wpcf_function() in C:\xampp\htdocs\wordpress\wp-content\themes\bpscrowdfunding\inc\hooks\home-activity-section.php:192
Stack trace:
#0 C:\xampp\htdocs\wordpress\wp-includes\class-wp-hook.php(287): charitize_activities_slider('')
#1 C:\xampp\htdocs\wordpress\wp-includes\class-wp-hook.php(311): WP_Hook->apply_filters(NULL, Array)
#2 C:\xampp\htdocs\wordpress\wp-includes\plugin.php(478): WP_Hook->do_action(Array)
#3 C:\xampp\htdocs\wordpress\wp-content\themes\charitize\front-page.php(25): do_action('charitize_actio...')
#4 C:\xampp\htdocs\wordpress\wp-includes\template-loader.php(106): include('C:\\xampp\\htdocs...')
#5 C:\xampp\htdocs\wordpress\wp-blog-header.php(19): require_once('C:\\xampp\\htdocs...')
#6 C:\xampp\htdocs\wordpress\index.php(17): require('C:\\xampp\\htdocs...')
#7 {main}
  thrown in C:\xampp\htdocs\wordpress\wp-content\themes\bpscrowdfunding\inc\hooks\home-activity-section.php on line 192

2020-10-23T14:06:37+00:00 CRITICAL syntax error, unexpected 'echo' (T_ECHO) in C:\xampp\htdocs\wordpress\wp-content\themes\bpscrowdfunding\wpcftemplate\woocommerce\basic\include\tabs\update-tab.php on line 16

2020-10-23T14:07:07+00:00 CRITICAL syntax error, unexpected 'echo' (T_ECHO), expecting ';' or ',' in C:\xampp\htdocs\wordpress\wp-content\themes\bpscrowdfunding\wpcftemplate\woocommerce\basic\include\tabs\update-tab.php on line 16

