2020-11-19T14:16:21+00:00 CRITICAL Constant expression contains invalid operations in C:\xampp\htdocs\wordpress\wp-content\plugins\code-snippets\php\admin-menus\class-edit-menu.php(213) : eval()'d code on line 5

2020-11-19T14:17:13+00:00 CRITICAL Constant expression contains invalid operations in C:\xampp\htdocs\wordpress\wp-content\plugins\code-snippets\php\admin-menus\class-edit-menu.php(213) : eval()'d code on line 6

2020-11-19T17:13:37+00:00 CRITICAL Uncaught Error: Call to a member function date() on null in C:\xampp\htdocs\wordpress\wp-content\plugins\woocommerce\packages\woocommerce-admin\src\API\Reports\Customers\DataStore.php:611
Stack trace:
#0 C:\xampp\htdocs\wordpress\wp-includes\class-wp-hook.php(287): Automattic\WooCommerce\Admin\API\Reports\Customers\DataStore::update_registered_customer('')
#1 C:\xampp\htdocs\wordpress\wp-includes\class-wp-hook.php(311): WP_Hook->apply_filters(NULL, Array)
#2 C:\xampp\htdocs\wordpress\wp-includes\plugin.php(478): WP_Hook->do_action(Array)
#3 C:\xampp\htdocs\wordpress\wp-content\plugins\wp-crowdfunding\includes\woocommerce\dashboard\profile.php(31): do_action('edit_user_profi...')
#4 C:\xampp\htdocs\wordpress\wp-content\plugins\wp-crowdfunding\shortcode\Dashboard.php(123): include('C:\\xampp\\htdocs...')
#5 C:\xampp\htdocs\wordpress\wp-includes\shortcodes.php(343): WPCF\shortcode\Dashboard->dashboard_callback('', '', 'wpcf_dashboard')
#6 [internal function]: do_shortcode_tag(Array)
#7 C:\xampp\htdocs\wordpress\ in C:\xampp\htdocs\wordpress\wp-content\plugins\woocommerce\packages\woocommerce-admin\src\API\Reports\Customers\DataStore.php on line 611

2020-11-19T17:15:41+00:00 CRITICAL Uncaught Error: Call to undefined function bbp_user_profile_edit_url() in C:\xampp\htdocs\wordpress\wp-content\plugins\wp-crowdfunding\includes\woocommerce\dashboard\profile.php:36
Stack trace:
#0 C:\xampp\htdocs\wordpress\wp-content\plugins\wp-crowdfunding\shortcode\Dashboard.php(123): include()
#1 C:\xampp\htdocs\wordpress\wp-includes\shortcodes.php(343): WPCF\shortcode\Dashboard->dashboard_callback('', '', 'wpcf_dashboard')
#2 [internal function]: do_shortcode_tag(Array)
#3 C:\xampp\htdocs\wordpress\wp-includes\shortcodes.php(218): preg_replace_callback('/\\[(\\[?)(wpcf_d...', 'do_shortcode_ta...', '[wpcf_dashboard...')
#4 C:\xampp\htdocs\wordpress\wp-includes\class-wp-hook.php(287): do_shortcode('[wpcf_dashboard...')
#5 C:\xampp\htdocs\wordpress\wp-includes\plugin.php(206): WP_Hook->apply_filters('[wpcf_dashboard...', Array)
#6 C:\xampp\htdocs\wordpress\wp-includes\post-template.php(253): apply_filters('the_content', '<p>[wpcf_dashbo...')
#7 C:\xampp\htdocs\wordpress\wp-content\themes\bpscrowdfunding\temp in C:\xampp\htdocs\wordpress\wp-content\plugins\wp-crowdfunding\includes\woocommerce\dashboard\profile.php on line 36

2020-11-19T17:15:50+00:00 CRITICAL Uncaught Error: Call to undefined function bbp_user_profile_edit_url() in C:\xampp\htdocs\wordpress\wp-content\plugins\wp-crowdfunding\includes\woocommerce\dashboard\profile.php:36
Stack trace:
#0 C:\xampp\htdocs\wordpress\wp-content\plugins\wp-crowdfunding\shortcode\Dashboard.php(123): include()
#1 C:\xampp\htdocs\wordpress\wp-includes\shortcodes.php(343): WPCF\shortcode\Dashboard->dashboard_callback('', '', 'wpcf_dashboard')
#2 [internal function]: do_shortcode_tag(Array)
#3 C:\xampp\htdocs\wordpress\wp-includes\shortcodes.php(218): preg_replace_callback('/\\[(\\[?)(wpcf_d...', 'do_shortcode_ta...', '[wpcf_dashboard...')
#4 C:\xampp\htdocs\wordpress\wp-includes\class-wp-hook.php(287): do_shortcode('[wpcf_dashboard...')
#5 C:\xampp\htdocs\wordpress\wp-includes\plugin.php(206): WP_Hook->apply_filters('[wpcf_dashboard...', Array)
#6 C:\xampp\htdocs\wordpress\wp-includes\post-template.php(253): apply_filters('the_content', '<p>[wpcf_dashbo...')
#7 C:\xampp\htdocs\wordpress\wp-content\themes\bpscrowdfunding\temp in C:\xampp\htdocs\wordpress\wp-content\plugins\wp-crowdfunding\includes\woocommerce\dashboard\profile.php on line 36

2020-11-19T17:23:34+00:00 CRITICAL Uncaught Error: Call to undefined function bbp_user_profile_edit_url() in C:\xampp\htdocs\wordpress\wp-content\plugins\wp-crowdfunding\includes\woocommerce\dashboard\profile.php:36
Stack trace:
#0 C:\xampp\htdocs\wordpress\wp-content\plugins\wp-crowdfunding\shortcode\Dashboard.php(123): include()
#1 C:\xampp\htdocs\wordpress\wp-includes\shortcodes.php(343): WPCF\shortcode\Dashboard->dashboard_callback('', '', 'wpcf_dashboard')
#2 [internal function]: do_shortcode_tag(Array)
#3 C:\xampp\htdocs\wordpress\wp-includes\shortcodes.php(218): preg_replace_callback('/\\[(\\[?)(wpcf_d...', 'do_shortcode_ta...', '[wpcf_dashboard...')
#4 C:\xampp\htdocs\wordpress\wp-includes\class-wp-hook.php(287): do_shortcode('[wpcf_dashboard...')
#5 C:\xampp\htdocs\wordpress\wp-includes\plugin.php(206): WP_Hook->apply_filters('[wpcf_dashboard...', Array)
#6 C:\xampp\htdocs\wordpress\wp-includes\post-template.php(253): apply_filters('the_content', '<p>[wpcf_dashbo...')
#7 C:\xampp\htdocs\wordpress\wp-content\themes\bpscrowdfunding\temp in C:\xampp\htdocs\wordpress\wp-content\plugins\wp-crowdfunding\includes\woocommerce\dashboard\profile.php on line 36

2020-11-19T17:24:32+00:00 CRITICAL Uncaught Error: Call to undefined function bbp_user_profile_edit_url() in C:\xampp\htdocs\wordpress\wp-content\plugins\wp-crowdfunding\includes\woocommerce\dashboard\profile.php:36
Stack trace:
#0 C:\xampp\htdocs\wordpress\wp-content\plugins\wp-crowdfunding\shortcode\Dashboard.php(123): include()
#1 C:\xampp\htdocs\wordpress\wp-includes\shortcodes.php(343): WPCF\shortcode\Dashboard->dashboard_callback('', '', 'wpcf_dashboard')
#2 [internal function]: do_shortcode_tag(Array)
#3 C:\xampp\htdocs\wordpress\wp-includes\shortcodes.php(218): preg_replace_callback('/\\[(\\[?)(wpcf_d...', 'do_shortcode_ta...', '[wpcf_dashboard...')
#4 C:\xampp\htdocs\wordpress\wp-includes\class-wp-hook.php(287): do_shortcode('[wpcf_dashboard...')
#5 C:\xampp\htdocs\wordpress\wp-includes\plugin.php(206): WP_Hook->apply_filters('[wpcf_dashboard...', Array)
#6 C:\xampp\htdocs\wordpress\wp-includes\post-template.php(253): apply_filters('the_content', '<p>[wpcf_dashbo...')
#7 C:\xampp\htdocs\wordpress\wp-content\themes\bpscrowdfunding\temp in C:\xampp\htdocs\wordpress\wp-content\plugins\wp-crowdfunding\includes\woocommerce\dashboard\profile.php on line 36

2020-11-19T19:55:06+00:00 CRITICAL Uncaught Error: Call to undefined function bbp_user_profile_edit_url() in C:\xampp\htdocs\wordpress\wp-content\plugins\wp-crowdfunding\includes\woocommerce\dashboard\profile.php:35
Stack trace:
#0 C:\xampp\htdocs\wordpress\wp-content\plugins\wp-crowdfunding\shortcode\Dashboard.php(123): include()
#1 C:\xampp\htdocs\wordpress\wp-includes\shortcodes.php(343): WPCF\shortcode\Dashboard->dashboard_callback('', '', 'wpcf_dashboard')
#2 [internal function]: do_shortcode_tag(Array)
#3 C:\xampp\htdocs\wordpress\wp-includes\shortcodes.php(218): preg_replace_callback('/\\[(\\[?)(wpcf_d...', 'do_shortcode_ta...', '[wpcf_dashboard...')
#4 C:\xampp\htdocs\wordpress\wp-includes\class-wp-hook.php(287): do_shortcode('[wpcf_dashboard...')
#5 C:\xampp\htdocs\wordpress\wp-includes\plugin.php(206): WP_Hook->apply_filters('[wpcf_dashboard...', Array)
#6 C:\xampp\htdocs\wordpress\wp-includes\post-template.php(253): apply_filters('the_content', '<p>[wpcf_dashbo...')
#7 C:\xampp\htdocs\wordpress\wp-content\themes\bpscrowdfunding\temp in C:\xampp\htdocs\wordpress\wp-content\plugins\wp-crowdfunding\includes\woocommerce\dashboard\profile.php on line 35

2020-11-19T20:56:41+00:00 CRITICAL syntax error, unexpected 'add' (T_STRING) in C:\xampp\htdocs\wordpress\wp-content\plugins\wp-crowdfunding\includes\woocommerce\dashboard\profile.php on line 46

2020-11-19T20:58:51+00:00 CRITICAL syntax error, unexpected 'add' (T_STRING) in C:\xampp\htdocs\wordpress\wp-content\plugins\wp-crowdfunding\includes\woocommerce\dashboard\profile.php on line 46

2020-11-19T21:00:11+00:00 CRITICAL syntax error, unexpected 'add' (T_STRING) in C:\xampp\htdocs\wordpress\wp-content\plugins\wp-crowdfunding\includes\woocommerce\dashboard\profile.php on line 46

2020-11-19T21:01:50+00:00 CRITICAL syntax error, unexpected '-' in C:\xampp\htdocs\wordpress\wp-content\plugins\wp-crowdfunding\includes\woocommerce\dashboard\profile.php on line 46

2020-11-19T21:02:43+00:00 CRITICAL syntax error, unexpected 'wpua' (T_STRING) in C:\xampp\htdocs\wordpress\wp-content\plugins\wp-crowdfunding\includes\woocommerce\dashboard\profile.php on line 46

2020-11-19T21:06:55+00:00 CRITICAL syntax error, unexpected ''); ?>"><?php _e('' (T_CONSTANT_ENCAPSED_STRING) in C:\xampp\htdocs\wordpress\wp-content\plugins\wp-crowdfunding\includes\woocommerce\dashboard\profile.php on line 46

