2020-08-31T20:28:59+00:00 CRITICAL Uncaught Error: Call to a member function get_id() on null in C:\xampp\htdocs\wordpress\wp-content\themes\bpscrowdfunding\wpcftemplate\woocommerce\basic\include\campaign-tab.php:39
Stack trace:
#0 C:\xampp\htdocs\wordpress\wp-content\plugins\wp-crowdfunding\includes\Functions.php(302): include()
#1 C:\xampp\htdocs\wordpress\wp-content\plugins\wp-crowdfunding\includes\woocommerce\Template_Hooks.php(119): WPCF\Functions->template('include/campaig...')
#2 C:\xampp\htdocs\wordpress\wp-includes\class-wp-hook.php(287): WPCF\woocommerce\Template_Hooks->campaign_single_tab('')
#3 C:\xampp\htdocs\wordpress\wp-includes\class-wp-hook.php(311): WP_Hook->apply_filters('', Array)
#4 C:\xampp\htdocs\wordpress\wp-includes\plugin.php(478): WP_Hook->do_action(Array)
#5 C:\xampp\htdocs\wordpress\wp-content\themes\bpscrowdfunding\wpcftemplate\woocommerce\basic\single-crowdfunding.php(31): do_action('wpcf_after_sing...')
#6 C:\xampp\htdocs\wordpress\wp-includes\template-loader.php(106): include('C:\\xampp\\htdocs...')
#7 C:\xampp in C:\xampp\htdocs\wordpress\wp-content\themes\bpscrowdfunding\wpcftemplate\woocommerce\basic\include\campaign-tab.php on line 39

2020-08-31T20:30:56+00:00 CRITICAL Uncaught Error: Call to a member function get_id() on null in C:\xampp\htdocs\wordpress\wp-content\themes\bpscrowdfunding\wpcftemplate\woocommerce\basic\include\campaign-tab.php:46
Stack trace:
#0 C:\xampp\htdocs\wordpress\wp-content\plugins\wp-crowdfunding\includes\Functions.php(302): include()
#1 C:\xampp\htdocs\wordpress\wp-content\plugins\wp-crowdfunding\includes\woocommerce\Template_Hooks.php(119): WPCF\Functions->template('include/campaig...')
#2 C:\xampp\htdocs\wordpress\wp-includes\class-wp-hook.php(287): WPCF\woocommerce\Template_Hooks->campaign_single_tab('')
#3 C:\xampp\htdocs\wordpress\wp-includes\class-wp-hook.php(311): WP_Hook->apply_filters('', Array)
#4 C:\xampp\htdocs\wordpress\wp-includes\plugin.php(478): WP_Hook->do_action(Array)
#5 C:\xampp\htdocs\wordpress\wp-content\themes\bpscrowdfunding\wpcftemplate\woocommerce\basic\single-crowdfunding.php(31): do_action('wpcf_after_sing...')
#6 C:\xampp\htdocs\wordpress\wp-includes\template-loader.php(106): include('C:\\xampp\\htdocs...')
#7 C:\xampp in C:\xampp\htdocs\wordpress\wp-content\themes\bpscrowdfunding\wpcftemplate\woocommerce\basic\include\campaign-tab.php on line 46

2020-08-31T21:11:05+00:00 CRITICAL Uncaught Error: Call to a member function get_id() on null in C:\xampp\htdocs\wordpress\wp-content\plugins\code-snippets\php\snippet-ops.php(446) : eval()'d code:3
Stack trace:
#0 C:\xampp\htdocs\wordpress\wp-includes\class-wp-hook.php(287): wpdocs_comments_open(true, 228)
#1 C:\xampp\htdocs\wordpress\wp-includes\plugin.php(206): WP_Hook->apply_filters(true, Array)
#2 C:\xampp\htdocs\wordpress\wp-includes\comment-template.php(1253): apply_filters('comments_open', true, 228)
#3 C:\xampp\htdocs\wordpress\wp-content\themes\charitize\functions.php(212): comments_open()
#4 C:\xampp\htdocs\wordpress\wp-includes\class-wp-hook.php(287): charitize_scripts('')
#5 C:\xampp\htdocs\wordpress\wp-includes\class-wp-hook.php(311): WP_Hook->apply_filters(NULL, Array)
#6 C:\xampp\htdocs\wordpress\wp-includes\plugin.php(478): WP_Hook->do_action(Array)
#7 C:\xampp\htdocs\wordpress\wp-includes\script-loader.php(2294): do_action('wp_enqueue_scri...')
#8 C:\xampp\htdocs\wordpress\wp-includes\class-wp-hook.php(287): wp_enqueue_script in C:\xampp\htdocs\wordpress\wp-content\plugins\code-snippets\php\snippet-ops.php(446) : eval()'d code on line 3

