2020-07-30T13:30:22+00:00 CRITICAL Uncaught ArgumentCountError: Too few arguments to function wpf_filter_process(), 1 passed in C:\xampp\htdocs\wordpress\wp-includes\class-wp-hook.php on line 287 and exactly 3 expected in C:\xampp\htdocs\wordpress\wp-content\plugins\code-snippets\php\snippet-ops.php(446) : eval()'d code:1
Stack trace:
#0 C:\xampp\htdocs\wordpress\wp-includes\class-wp-hook.php(287): wpf_filter_process('')
#1 C:\xampp\htdocs\wordpress\wp-includes\class-wp-hook.php(311): WP_Hook->apply_filters('', Array)
#2 C:\xampp\htdocs\wordpress\wp-includes\plugin.php(478): WP_Hook->do_action(Array)
#3 C:\xampp\htdocs\wordpress\wp-content\themes\bpscrowdfunding\wpcftemplate\woocommerce\basic\wpneo-listing.php(12): do_action('wpforms_process')
#4 C:\xampp\htdocs\wordpress\wp-content\plugins\wp-crowdfunding\includes\Functions.php(302): include('C:\\xampp\\htdocs...')
#5 C:\xampp\htdocs\wordpress\wp-content\plugins\wp-crowdfunding\shortcode\Project_Listing.php(77): WPCF\Functions->template('wpneo-listing')
#6 C:\xampp\htdocs\wordpress\wp-include in C:\xampp\htdocs\wordpress\wp-content\plugins\code-snippets\php\snippet-ops.php(446) : eval()'d code on line 1

2020-07-30T13:30:23+00:00 CRITICAL Uncaught ArgumentCountError: Too few arguments to function wpf_filter_process(), 1 passed in C:\xampp\htdocs\wordpress\wp-includes\class-wp-hook.php on line 287 and exactly 3 expected in C:\xampp\htdocs\wordpress\wp-content\plugins\code-snippets\php\snippet-ops.php(446) : eval()'d code:1
Stack trace:
#0 C:\xampp\htdocs\wordpress\wp-includes\class-wp-hook.php(287): wpf_filter_process('')
#1 C:\xampp\htdocs\wordpress\wp-includes\class-wp-hook.php(311): WP_Hook->apply_filters('', Array)
#2 C:\xampp\htdocs\wordpress\wp-includes\plugin.php(478): WP_Hook->do_action(Array)
#3 C:\xampp\htdocs\wordpress\wp-content\themes\bpscrowdfunding\wpcftemplate\woocommerce\basic\wpneo-listing.php(12): do_action('wpforms_process')
#4 C:\xampp\htdocs\wordpress\wp-content\plugins\wp-crowdfunding\includes\Functions.php(302): include('C:\\xampp\\htdocs...')
#5 C:\xampp\htdocs\wordpress\wp-content\plugins\wp-crowdfunding\shortcode\Project_Listing.php(77): WPCF\Functions->template('wpneo-listing')
#6 C:\xampp\htdocs\wordpress\wp-include in C:\xampp\htdocs\wordpress\wp-content\plugins\code-snippets\php\snippet-ops.php(446) : eval()'d code on line 1

2020-07-30T13:30:36+00:00 CRITICAL Uncaught ArgumentCountError: Too few arguments to function wpf_filter_process(), 1 passed in C:\xampp\htdocs\wordpress\wp-includes\class-wp-hook.php on line 287 and exactly 3 expected in C:\xampp\htdocs\wordpress\wp-content\plugins\code-snippets\php\snippet-ops.php(446) : eval()'d code:1
Stack trace:
#0 C:\xampp\htdocs\wordpress\wp-includes\class-wp-hook.php(287): wpf_filter_process('')
#1 C:\xampp\htdocs\wordpress\wp-includes\class-wp-hook.php(311): WP_Hook->apply_filters('', Array)
#2 C:\xampp\htdocs\wordpress\wp-includes\plugin.php(478): WP_Hook->do_action(Array)
#3 C:\xampp\htdocs\wordpress\wp-content\themes\bpscrowdfunding\wpcftemplate\woocommerce\basic\wpneo-listing.php(12): do_action('wpforms_process')
#4 C:\xampp\htdocs\wordpress\wp-content\plugins\wp-crowdfunding\includes\Functions.php(302): include('C:\\xampp\\htdocs...')
#5 C:\xampp\htdocs\wordpress\wp-content\plugins\wp-crowdfunding\shortcode\Project_Listing.php(77): WPCF\Functions->template('wpneo-listing')
#6 C:\xampp\htdocs\wordpress\wp-include in C:\xampp\htdocs\wordpress\wp-content\plugins\code-snippets\php\snippet-ops.php(446) : eval()'d code on line 1

2020-07-30T13:34:51+00:00 CRITICAL Uncaught ArgumentCountError: Too few arguments to function wpf_filter_process(), 1 passed in C:\xampp\htdocs\wordpress\wp-includes\class-wp-hook.php on line 287 and exactly 3 expected in C:\xampp\htdocs\wordpress\wp-content\plugins\code-snippets\php\snippet-ops.php(446) : eval()'d code:1
Stack trace:
#0 C:\xampp\htdocs\wordpress\wp-includes\class-wp-hook.php(287): wpf_filter_process('')
#1 C:\xampp\htdocs\wordpress\wp-includes\class-wp-hook.php(311): WP_Hook->apply_filters('', Array)
#2 C:\xampp\htdocs\wordpress\wp-includes\plugin.php(478): WP_Hook->do_action(Array)
#3 C:\xampp\htdocs\wordpress\wp-content\themes\bpscrowdfunding\wpcftemplate\woocommerce\basic\wpneo-listing.php(13): do_action('wpforms_process')
#4 C:\xampp\htdocs\wordpress\wp-content\plugins\wp-crowdfunding\includes\Functions.php(302): include('C:\\xampp\\htdocs...')
#5 C:\xampp\htdocs\wordpress\wp-content\plugins\wp-crowdfunding\shortcode\Project_Listing.php(77): WPCF\Functions->template('wpneo-listing')
#6 C:\xampp\htdocs\wordpress\wp-include in C:\xampp\htdocs\wordpress\wp-content\plugins\code-snippets\php\snippet-ops.php(446) : eval()'d code on line 1

2020-07-30T13:40:29+00:00 CRITICAL Uncaught ArgumentCountError: Too few arguments to function wpf_filter_process(), 1 passed in C:\xampp\htdocs\wordpress\wp-includes\class-wp-hook.php on line 287 and exactly 3 expected in C:\xampp\htdocs\wordpress\wp-content\plugins\code-snippets\php\snippet-ops.php(446) : eval()'d code:1
Stack trace:
#0 C:\xampp\htdocs\wordpress\wp-includes\class-wp-hook.php(287): wpf_filter_process('')
#1 C:\xampp\htdocs\wordpress\wp-includes\class-wp-hook.php(311): WP_Hook->apply_filters('', Array)
#2 C:\xampp\htdocs\wordpress\wp-includes\plugin.php(478): WP_Hook->do_action(Array)
#3 C:\xampp\htdocs\wordpress\wp-content\themes\bpscrowdfunding\wpcftemplate\woocommerce\basic\wpneo-listing.php(13): do_action('wpforms_process')
#4 C:\xampp\htdocs\wordpress\wp-content\plugins\wp-crowdfunding\includes\Functions.php(302): include('C:\\xampp\\htdocs...')
#5 C:\xampp\htdocs\wordpress\wp-content\plugins\wp-crowdfunding\shortcode\Project_Listing.php(77): WPCF\Functions->template('wpneo-listing')
#6 C:\xampp\htdocs\wordpress\wp-include in C:\xampp\htdocs\wordpress\wp-content\plugins\code-snippets\php\snippet-ops.php(446) : eval()'d code on line 1

2020-07-30T13:40:50+00:00 CRITICAL Uncaught ArgumentCountError: Too few arguments to function wpf_filter_process(), 1 passed in C:\xampp\htdocs\wordpress\wp-includes\class-wp-hook.php on line 287 and exactly 3 expected in C:\xampp\htdocs\wordpress\wp-content\plugins\code-snippets\php\snippet-ops.php(446) : eval()'d code:1
Stack trace:
#0 C:\xampp\htdocs\wordpress\wp-includes\class-wp-hook.php(287): wpf_filter_process('')
#1 C:\xampp\htdocs\wordpress\wp-includes\class-wp-hook.php(311): WP_Hook->apply_filters('', Array)
#2 C:\xampp\htdocs\wordpress\wp-includes\plugin.php(478): WP_Hook->do_action(Array)
#3 C:\xampp\htdocs\wordpress\wp-content\themes\bpscrowdfunding\wpcftemplate\woocommerce\basic\wpneo-listing.php(13): do_action('wpforms_process')
#4 C:\xampp\htdocs\wordpress\wp-content\plugins\wp-crowdfunding\includes\Functions.php(302): include('C:\\xampp\\htdocs...')
#5 C:\xampp\htdocs\wordpress\wp-content\plugins\wp-crowdfunding\shortcode\Project_Listing.php(77): WPCF\Functions->template('wpneo-listing')
#6 C:\xampp\htdocs\wordpress\wp-include in C:\xampp\htdocs\wordpress\wp-content\plugins\code-snippets\php\snippet-ops.php(446) : eval()'d code on line 1

2020-07-30T13:51:06+00:00 CRITICAL Uncaught ArgumentCountError: Too few arguments to function wpf_filter_process(), 1 passed in C:\xampp\htdocs\wordpress\wp-includes\class-wp-hook.php on line 287 and exactly 3 expected in C:\xampp\htdocs\wordpress\wp-content\plugins\code-snippets\php\snippet-ops.php(446) : eval()'d code:1
Stack trace:
#0 C:\xampp\htdocs\wordpress\wp-includes\class-wp-hook.php(287): wpf_filter_process('')
#1 C:\xampp\htdocs\wordpress\wp-includes\class-wp-hook.php(311): WP_Hook->apply_filters('', Array)
#2 C:\xampp\htdocs\wordpress\wp-includes\plugin.php(478): WP_Hook->do_action(Array)
#3 C:\xampp\htdocs\wordpress\wp-content\themes\bpscrowdfunding\wpcftemplate\woocommerce\basic\wpneo-listing.php(12): do_action('wpforms_process')
#4 C:\xampp\htdocs\wordpress\wp-content\plugins\wp-crowdfunding\includes\Functions.php(302): include('C:\\xampp\\htdocs...')
#5 C:\xampp\htdocs\wordpress\wp-content\plugins\wp-crowdfunding\shortcode\Project_Listing.php(77): WPCF\Functions->template('wpneo-listing')
#6 C:\xampp\htdocs\wordpress\wp-include in C:\xampp\htdocs\wordpress\wp-content\plugins\code-snippets\php\snippet-ops.php(446) : eval()'d code on line 1

2020-07-30T16:28:34+00:00 CRITICAL Cannot redeclare my_custom_redirect() (previously declared in C:\xampp\htdocs\wordpress\wp-content\themes\bpscrowdfunding\wpcftemplate\woocommerce\basic\wpneo-listing.php:12) in C:\xampp\htdocs\wordpress\wp-content\themes\bpscrowdfunding\wpcftemplate\woocommerce\basic\wpneo-listing.php on line 11

2020-07-30T16:28:42+00:00 CRITICAL Cannot redeclare my_custom_redirect() (previously declared in C:\xampp\htdocs\wordpress\wp-content\themes\bpscrowdfunding\wpcftemplate\woocommerce\basic\wpneo-listing.php:12) in C:\xampp\htdocs\wordpress\wp-content\themes\bpscrowdfunding\wpcftemplate\woocommerce\basic\wpneo-listing.php on line 11

2020-07-30T20:52:58+00:00 CRITICAL Uncaught Error: Call to undefined function str_contains() in C:\xampp\htdocs\wordpress\wp-content\themes\bpscrowdfunding\wpcftemplate\woocommerce\basic\wpneo-listing.php:49
Stack trace:
#0 C:\xampp\htdocs\wordpress\wp-content\plugins\wp-crowdfunding\includes\Functions.php(302): include()
#1 C:\xampp\htdocs\wordpress\wp-content\plugins\wp-crowdfunding\shortcode\Project_Listing.php(77): WPCF\Functions->template('wpneo-listing')
#2 C:\xampp\htdocs\wordpress\wp-includes\shortcodes.php(343): WPCF\shortcode\Project_Listing->listing_callback('', '', 'wpneo_crowdfund...')
#3 [internal function]: do_shortcode_tag(Array)
#4 C:\xampp\htdocs\wordpress\wp-includes\shortcodes.php(218): preg_replace_callback('/\\[(\\[?)(wpneo_...', 'do_shortcode_ta...', '[wcas-search-fo...')
#5 C:\xampp\htdocs\wordpress\wp-includes\class-wp-hook.php(287): do_shortcode('[wcas-search-fo...')
#6 C:\xampp\htdocs\wordpress\wp-includes\plugin.php(206): WP_Hook->apply_filters('[wcas-search-fo...', Array)
#7 C:\xampp\htdocs\wordpress\wp-includes\po in C:\xampp\htdocs\wordpress\wp-content\themes\bpscrowdfunding\wpcftemplate\woocommerce\basic\wpneo-listing.php on line 49

2020-07-30T20:53:14+00:00 CRITICAL Uncaught Error: Call to undefined function str_contains() in C:\xampp\htdocs\wordpress\wp-content\themes\bpscrowdfunding\wpcftemplate\woocommerce\basic\wpneo-listing.php:49
Stack trace:
#0 C:\xampp\htdocs\wordpress\wp-content\plugins\wp-crowdfunding\includes\Functions.php(302): include()
#1 C:\xampp\htdocs\wordpress\wp-content\plugins\wp-crowdfunding\shortcode\Project_Listing.php(77): WPCF\Functions->template('wpneo-listing')
#2 C:\xampp\htdocs\wordpress\wp-includes\shortcodes.php(343): WPCF\shortcode\Project_Listing->listing_callback('', '', 'wpneo_crowdfund...')
#3 [internal function]: do_shortcode_tag(Array)
#4 C:\xampp\htdocs\wordpress\wp-includes\shortcodes.php(218): preg_replace_callback('/\\[(\\[?)(wpneo_...', 'do_shortcode_ta...', '[wcas-search-fo...')
#5 C:\xampp\htdocs\wordpress\wp-includes\class-wp-hook.php(287): do_shortcode('[wcas-search-fo...')
#6 C:\xampp\htdocs\wordpress\wp-includes\plugin.php(206): WP_Hook->apply_filters('[wcas-search-fo...', Array)
#7 C:\xampp\htdocs\wordpress\wp-includes\po in C:\xampp\htdocs\wordpress\wp-content\themes\bpscrowdfunding\wpcftemplate\woocommerce\basic\wpneo-listing.php on line 49

