2020-11-27T21:22:40+00:00 CRITICAL syntax error, unexpected ';' in C:\xampp\htdocs\wordpress\wp-content\plugins\wp-crowdfunding\includes\woocommerce\dashboard\profile.php on line 218

2020-11-27T21:27:36+00:00 CRITICAL syntax error, unexpected '=' in C:\xampp\htdocs\wordpress\wp-content\plugins\wp-crowdfunding\includes\woocommerce\dashboard\profile.php on line 217

2020-11-27T21:28:18+00:00 CRITICAL Cannot redeclare myFunction() (previously declared in C:\xampp\htdocs\wordpress\wp-content\plugins\code-snippets\php\snippet-ops.php(446) : eval()'d code:2) in C:\xampp\htdocs\wordpress\wp-content\plugins\wp-crowdfunding\includes\woocommerce\dashboard\profile.php on line 216

2020-11-27T21:28:31+00:00 CRITICAL Cannot redeclare myFunction() (previously declared in C:\xampp\htdocs\wordpress\wp-content\plugins\code-snippets\php\snippet-ops.php(446) : eval()'d code:2) in C:\xampp\htdocs\wordpress\wp-content\plugins\wp-crowdfunding\includes\woocommerce\dashboard\profile.php on line 216

2020-11-27T21:29:34+00:00 CRITICAL Cannot redeclare myFunction() (previously declared in C:\xampp\htdocs\wordpress\wp-content\plugins\code-snippets\php\snippet-ops.php(446) : eval()'d code:2) in C:\xampp\htdocs\wordpress\wp-content\plugins\wp-crowdfunding\includes\woocommerce\dashboard\profile.php on line 216

2020-11-27T21:31:18+00:00 CRITICAL Cannot redeclare myFunction() (previously declared in C:\xampp\htdocs\wordpress\wp-content\plugins\code-snippets\php\snippet-ops.php(446) : eval()'d code:2) in C:\xampp\htdocs\wordpress\wp-content\plugins\wp-crowdfunding\includes\woocommerce\dashboard\profile.php on line 216

2020-11-27T21:31:31+00:00 CRITICAL Cannot redeclare myFunction() (previously declared in C:\xampp\htdocs\wordpress\wp-content\plugins\code-snippets\php\snippet-ops.php(446) : eval()'d code:2) in C:\xampp\htdocs\wordpress\wp-content\plugins\wp-crowdfunding\includes\woocommerce\dashboard\profile.php on line 216

2020-11-27T21:34:47+00:00 CRITICAL Cannot redeclare myFunction() (previously declared in C:\xampp\htdocs\wordpress\wp-content\plugins\code-snippets\php\snippet-ops.php(446) : eval()'d code:2) in C:\xampp\htdocs\wordpress\wp-content\plugins\wp-crowdfunding\includes\woocommerce\dashboard\profile.php on line 216

2020-11-27T21:37:59+00:00 CRITICAL Cannot redeclare myFunction() (previously declared in C:\xampp\htdocs\wordpress\wp-content\plugins\code-snippets\php\snippet-ops.php(446) : eval()'d code:2) in C:\xampp\htdocs\wordpress\wp-content\plugins\wp-crowdfunding\includes\woocommerce\dashboard\profile.php on line 216

2020-11-27T21:38:22+00:00 CRITICAL Cannot redeclare myFunction() (previously declared in C:\xampp\htdocs\wordpress\wp-content\plugins\code-snippets\php\snippet-ops.php(446) : eval()'d code:2) in C:\xampp\htdocs\wordpress\wp-content\plugins\wp-crowdfunding\includes\woocommerce\dashboard\profile.php on line 4

2020-11-27T21:42:34+00:00 CRITICAL Cannot redeclare myFunction() (previously declared in C:\xampp\htdocs\wordpress\wp-content\plugins\code-snippets\php\snippet-ops.php(446) : eval()'d code:2) in C:\xampp\htdocs\wordpress\wp-content\plugins\wp-crowdfunding\includes\woocommerce\dashboard\profile.php on line 228

2020-11-27T21:53:21+00:00 CRITICAL Cannot redeclare button1() (previously declared in C:\xampp\htdocs\wordpress\wp-content\plugins\code-snippets\php\snippet-ops.php(446) : eval()'d code:2) in C:\xampp\htdocs\wordpress\wp-content\plugins\wp-crowdfunding\includes\woocommerce\dashboard\profile.php on line 229

2020-11-27T22:05:49+00:00 CRITICAL Uncaught Error: Object of class WP_Error could not be converted to string in C:\xampp\htdocs\wordpress\wp-content\plugins\code-snippets\php\snippet-ops.php(446) : eval()'d code:10
Stack trace:
#0 C:\xampp\htdocs\wordpress\wp-content\plugins\wp-crowdfunding\includes\woocommerce\dashboard\profile.php(227): button1()
#1 C:\xampp\htdocs\wordpress\wp-content\plugins\wp-crowdfunding\shortcode\Dashboard.php(123): include('C:\\xampp\\htdocs...')
#2 C:\xampp\htdocs\wordpress\wp-includes\shortcodes.php(343): WPCF\shortcode\Dashboard->dashboard_callback('', '', 'wpcf_dashboard')
#3 [internal function]: do_shortcode_tag(Array)
#4 C:\xampp\htdocs\wordpress\wp-includes\shortcodes.php(218): preg_replace_callback('/\\[(\\[?)(wpcf_d...', 'do_shortcode_ta...', '[wpcf_dashboard...')
#5 C:\xampp\htdocs\wordpress\wp-includes\class-wp-hook.php(287): do_shortcode('[wpcf_dashboard...')
#6 C:\xampp\htdocs\wordpress\wp-includes\plugin.php(206): WP_Hook->apply_filters('[wpcf_dashboard...', Array)
#7 C:\xampp\htdocs\wordpress\wp-include in C:\xampp\htdocs\wordpress\wp-content\plugins\code-snippets\php\snippet-ops.php(446) : eval()'d code on line 10

