2020-11-06T14:34:37+00:00 CRITICAL Uncaught Error: Call to a member function get_month() on null in C:\xampp\htdocs\wordpress\wp-includes\media.php:3816
Stack trace:
#0 C:\xampp\htdocs\wordpress\wp-content\plugins\wp-crowdfunding\includes\woocommerce\Base.php(129): wp_enqueue_media()
#1 C:\xampp\htdocs\wordpress\wp-includes\class-wp-hook.php(287): WPCF\woocommerce\Base->frontend_script('')
#2 C:\xampp\htdocs\wordpress\wp-includes\class-wp-hook.php(311): WP_Hook->apply_filters(NULL, Array)
#3 C:\xampp\htdocs\wordpress\wp-includes\plugin.php(478): WP_Hook->do_action(Array)
#4 C:\xampp\htdocs\wordpress\wp-includes\script-loader.php(2294): do_action('wp_enqueue_scri...')
#5 C:\xampp\htdocs\wordpress\wp-includes\class-wp-customize-manager.php(454): wp_enqueue_scripts()
#6 C:\xampp\htdocs\wordpress\wp-includes\class-wp-customize-manager.php(551): WP_Customize_Manager->wp_die(0, 'Non-existent ch...')
#7 C:\xampp\htdocs\wordpress\wp-includes\class-wp-hook.php(287): WP_Customize_Manager->setup_theme('')
#8 C:\xampp\htdocs\wordpress\wp-includes\class-wp in C:\xampp\htdocs\wordpress\wp-includes\media.php on line 3816

2020-11-06T16:07:14+00:00 CRITICAL Uncaught Error: Call to a member function get_month() on null in C:\xampp\htdocs\wordpress\wp-includes\media.php:3816
Stack trace:
#0 C:\xampp\htdocs\wordpress\wp-content\plugins\wp-crowdfunding\includes\woocommerce\Base.php(129): wp_enqueue_media()
#1 C:\xampp\htdocs\wordpress\wp-includes\class-wp-hook.php(287): WPCF\woocommerce\Base->frontend_script('')
#2 C:\xampp\htdocs\wordpress\wp-includes\class-wp-hook.php(311): WP_Hook->apply_filters(NULL, Array)
#3 C:\xampp\htdocs\wordpress\wp-includes\plugin.php(478): WP_Hook->do_action(Array)
#4 C:\xampp\htdocs\wordpress\wp-includes\script-loader.php(2294): do_action('wp_enqueue_scri...')
#5 C:\xampp\htdocs\wordpress\wp-includes\class-wp-customize-manager.php(454): wp_enqueue_scripts()
#6 C:\xampp\htdocs\wordpress\wp-includes\class-wp-customize-manager.php(551): WP_Customize_Manager->wp_die(0, 'Non-existent ch...')
#7 C:\xampp\htdocs\wordpress\wp-includes\class-wp-hook.php(287): WP_Customize_Manager->setup_theme('')
#8 C:\xampp\htdocs\wordpress\wp-includes\class-wp in C:\xampp\htdocs\wordpress\wp-includes\media.php on line 3816

